{"F:\\BackendProjects\\jest-testing\\src\\server.js": {"path":"F:\\BackendProjects\\jest-testing\\src\\server.js","statementMap":{"0":{"start":{"line":4,"column":0},"end":{"line":4,"column":26}},"1":{"start":{"line":6,"column":10},"end":{"line":6,"column":19}},"2":{"start":{"line":8,"column":0},"end":{"line":8,"column":23}},"3":{"start":{"line":9,"column":0},"end":{"line":9,"column":27}}},"fnMap":{},"branchMap":{},"s":{"0":4,"1":4,"2":4,"3":4},"f":{},"b":{},"_coverageSchema":"1a1c01bbd47fc00a2c39e90264f33305004495a9","hash":"f0f2df2629773f32b2cf181357084ae535e2e096"}
,"F:\\BackendProjects\\jest-testing\\src\\config\\dbConfig\\mongod.dbConfig.js": {"path":"F:\\BackendProjects\\jest-testing\\src\\config\\dbConfig\\mongod.dbConfig.js","statementMap":{"0":{"start":{"line":4,"column":13},"end":{"line":4,"column":22}},"1":{"start":{"line":5,"column":28},"end":{"line":14,"column":1}},"2":{"start":{"line":6,"column":4},"end":{"line":13,"column":5}},"3":{"start":{"line":7,"column":8},"end":{"line":7,"column":49}},"4":{"start":{"line":8,"column":20},"end":{"line":8,"column":35}},"5":{"start":{"line":9,"column":8},"end":{"line":9,"column":36}},"6":{"start":{"line":10,"column":8},"end":{"line":10,"column":42}},"7":{"start":{"line":12,"column":8},"end":{"line":12,"column":48}},"8":{"start":{"line":17,"column":28},"end":{"line":26,"column":1}},"9":{"start":{"line":18,"column":4},"end":{"line":25,"column":5}},"10":{"start":{"line":19,"column":8},"end":{"line":19,"column":48}},"11":{"start":{"line":20,"column":8},"end":{"line":20,"column":42}},"12":{"start":{"line":21,"column":8},"end":{"line":21,"column":28}},"13":{"start":{"line":22,"column":8},"end":{"line":22,"column":45}},"14":{"start":{"line":24,"column":8},"end":{"line":24,"column":53}}},"fnMap":{"0":{"name":"(anonymous_0)","decl":{"start":{"line":5,"column":28},"end":{"line":5,"column":29}},"loc":{"start":{"line":5,"column":40},"end":{"line":14,"column":1}},"line":5},"1":{"name":"(anonymous_1)","decl":{"start":{"line":17,"column":28},"end":{"line":17,"column":29}},"loc":{"start":{"line":17,"column":40},"end":{"line":26,"column":1}},"line":17}},"branchMap":{},"s":{"0":1,"1":1,"2":1,"3":1,"4":1,"5":1,"6":1,"7":0,"8":1,"9":1,"10":1,"11":1,"12":1,"13":1,"14":0},"f":{"0":1,"1":1},"b":{},"_coverageSchema":"1a1c01bbd47fc00a2c39e90264f33305004495a9","hash":"7d9a67a76a8500369bfc31446a695a1086d3fba4"}
,"F:\\BackendProjects\\jest-testing\\src\\controllers\\delete.controller.js": {"path":"F:\\BackendProjects\\jest-testing\\src\\controllers\\delete.controller.js","statementMap":{"0":{"start":{"line":3,"column":26},"end":{"line":26,"column":1}},"1":{"start":{"line":4,"column":4},"end":{"line":25,"column":5}},"2":{"start":{"line":5,"column":19},"end":{"line":13,"column":9}},"3":{"start":{"line":14,"column":25},"end":{"line":18,"column":10}},"4":{"start":{"line":15,"column":12},"end":{"line":17,"column":13}},"5":{"start":{"line":16,"column":16},"end":{"line":16,"column":22}},"6":{"start":{"line":19,"column":8},"end":{"line":19,"column":29}},"7":{"start":{"line":21,"column":8},"end":{"line":21,"column":72}},"8":{"start":{"line":24,"column":8},"end":{"line":24,"column":49}}},"fnMap":{"0":{"name":"(anonymous_0)","decl":{"start":{"line":3,"column":26},"end":{"line":3,"column":27}},"loc":{"start":{"line":3,"column":46},"end":{"line":26,"column":1}},"line":3},"1":{"name":"(anonymous_1)","decl":{"start":{"line":14,"column":34},"end":{"line":14,"column":35}},"loc":{"start":{"line":14,"column":43},"end":{"line":18,"column":9}},"line":14}},"branchMap":{"0":{"loc":{"start":{"line":15,"column":12},"end":{"line":17,"column":13}},"type":"if","locations":[{"start":{"line":15,"column":12},"end":{"line":17,"column":13}},{"start":{},"end":{}}],"line":15}},"s":{"0":4,"1":1,"2":1,"3":1,"4":1,"5":0,"6":1,"7":1,"8":0},"f":{"0":1,"1":1},"b":{"0":[0,1]},"_coverageSchema":"1a1c01bbd47fc00a2c39e90264f33305004495a9","hash":"6beef365736e7fa6f6d9fbf736a7c0853e0ca7f8"}
,"F:\\BackendProjects\\jest-testing\\src\\controllers\\get.controller.js": {"path":"F:\\BackendProjects\\jest-testing\\src\\controllers\\get.controller.js","statementMap":{"0":{"start":{"line":3,"column":23},"end":{"line":5,"column":1}},"1":{"start":{"line":4,"column":4},"end":{"line":4,"column":57}}},"fnMap":{"0":{"name":"(anonymous_0)","decl":{"start":{"line":3,"column":23},"end":{"line":3,"column":24}},"loc":{"start":{"line":3,"column":37},"end":{"line":5,"column":1}},"line":3}},"branchMap":{},"s":{"0":4,"1":1},"f":{"0":1},"b":{},"_coverageSchema":"1a1c01bbd47fc00a2c39e90264f33305004495a9","hash":"ef2ea1a68a7491bbdd9b205319be654696168d22"}
,"F:\\BackendProjects\\jest-testing\\src\\controllers\\post.controller.js": {"path":"F:\\BackendProjects\\jest-testing\\src\\controllers\\post.controller.js","statementMap":{"0":{"start":{"line":3,"column":24},"end":{"line":10,"column":1}},"1":{"start":{"line":4,"column":4},"end":{"line":9,"column":5}},"2":{"start":{"line":5,"column":12},"end":{"line":5,"column":75}},"3":{"start":{"line":8,"column":8},"end":{"line":8,"column":49}}},"fnMap":{"0":{"name":"(anonymous_0)","decl":{"start":{"line":3,"column":24},"end":{"line":3,"column":25}},"loc":{"start":{"line":3,"column":44},"end":{"line":10,"column":1}},"line":3}},"branchMap":{},"s":{"0":4,"1":1,"2":1,"3":0},"f":{"0":1},"b":{},"_coverageSchema":"1a1c01bbd47fc00a2c39e90264f33305004495a9","hash":"650b6e49989a619f3ab8eb730791f4dce6be7233"}
,"F:\\BackendProjects\\jest-testing\\src\\controllers\\put.controller.js": {"path":"F:\\BackendProjects\\jest-testing\\src\\controllers\\put.controller.js","statementMap":{"0":{"start":{"line":2,"column":23},"end":{"line":22,"column":1}},"1":{"start":{"line":3,"column":4},"end":{"line":21,"column":5}},"2":{"start":{"line":4,"column":19},"end":{"line":12,"column":9}},"3":{"start":{"line":14,"column":8},"end":{"line":16,"column":10}},"4":{"start":{"line":17,"column":8},"end":{"line":17,"column":68}},"5":{"start":{"line":20,"column":8},"end":{"line":20,"column":50}}},"fnMap":{"0":{"name":"(anonymous_0)","decl":{"start":{"line":2,"column":23},"end":{"line":2,"column":24}},"loc":{"start":{"line":2,"column":43},"end":{"line":22,"column":1}},"line":2}},"branchMap":{},"s":{"0":4,"1":1,"2":1,"3":1,"4":1,"5":0},"f":{"0":1},"b":{},"_coverageSchema":"1a1c01bbd47fc00a2c39e90264f33305004495a9","hash":"64c3feb964db58e552ca9ea66c90a8fe77858845"}
,"F:\\BackendProjects\\jest-testing\\src\\models\\user.model.js": {"path":"F:\\BackendProjects\\jest-testing\\src\\models\\user.model.js","statementMap":{"0":{"start":{"line":3,"column":17},"end":{"line":19,"column":2}}},"fnMap":{},"branchMap":{},"s":{"0":1},"f":{},"b":{},"_coverageSchema":"1a1c01bbd47fc00a2c39e90264f33305004495a9","hash":"545e22eb7f3806814774bdd25a41589f0e07fa97"}
,"F:\\BackendProjects\\jest-testing\\src\\routes\\test.route.js": {"path":"F:\\BackendProjects\\jest-testing\\src\\routes\\test.route.js","statementMap":{"0":{"start":{"line":6,"column":15},"end":{"line":6,"column":24}},"1":{"start":{"line":8,"column":0},"end":{"line":8,"column":26}},"2":{"start":{"line":9,"column":0},"end":{"line":9,"column":24}},"3":{"start":{"line":10,"column":0},"end":{"line":10,"column":30}},"4":{"start":{"line":11,"column":0},"end":{"line":11,"column":24}}},"fnMap":{},"branchMap":{},"s":{"0":4,"1":4,"2":4,"3":4,"4":4},"f":{},"b":{},"_coverageSchema":"1a1c01bbd47fc00a2c39e90264f33305004495a9","hash":"dc06820abf6a507dcfaa4f39903f2b035af89668"}
,"F:\\BackendProjects\\jest-testing\\src\\utils\\response.utils.js": {"path":"F:\\BackendProjects\\jest-testing\\src\\utils\\response.utils.js","statementMap":{"0":{"start":{"line":1,"column":27},"end":{"line":9,"column":1}},"1":{"start":{"line":2,"column":21},"end":{"line":7,"column":5}},"2":{"start":{"line":8,"column":4},"end":{"line":8,"column":42}},"3":{"start":{"line":11,"column":25},"end":{"line":18,"column":1}},"4":{"start":{"line":12,"column":21},"end":{"line":16,"column":5}},"5":{"start":{"line":17,"column":4},"end":{"line":17,"column":42}}},"fnMap":{"0":{"name":"(anonymous_0)","decl":{"start":{"line":1,"column":27},"end":{"line":1,"column":28}},"loc":{"start":{"line":1,"column":64},"end":{"line":9,"column":1}},"line":1},"1":{"name":"(anonymous_1)","decl":{"start":{"line":11,"column":25},"end":{"line":11,"column":26}},"loc":{"start":{"line":11,"column":56},"end":{"line":18,"column":1}},"line":11}},"branchMap":{},"s":{"0":4,"1":4,"2":4,"3":4,"4":0,"5":0},"f":{"0":4,"1":0},"b":{},"_coverageSchema":"1a1c01bbd47fc00a2c39e90264f33305004495a9","hash":"817079de1c65e97e28a4aac90b469ef421af999e"}
}
